<?xml version="1.0" encoding="UTF-8"?>
<testsuite name="DiamondPrinterTest" tests="5" skipped="0" failures="0" errors="0" timestamp="2023-02-25T14:21:49" hostname="HARGUN-DAS" time="0.27">
  <properties/>
  <testcase name="testFourByFourDiamond()" classname="DiamondPrinterTest" time="0.222"/>
  <testcase name="testFullDiamond()" classname="DiamondPrinterTest" time="0.005"/>
  <testcase name="testThreeByThreeDiamond()" classname="DiamondPrinterTest" time="0.002"/>
  <testcase name="testOneByOneDiamond()" classname="DiamondPrinterTest" time="0.002"/>
  <testcase name="testTwoByTwoDiamond()" classname="DiamondPrinterTest" time="0.014"/>
  <system-out><![CDATA[[ A , B B,  A ]
]]></system-out>
  <system-err><![CDATA[]]></system-err>
</testsuite>
